0 info it worked if it ends with ok
1 verbose cli [ '/home/anheru/.nvm/versions/node/v0.12.0/bin/node',
1 verbose cli   '/home/anheru/.nvm/versions/node/v0.12.0/bin/npm',
1 verbose cli   'publish' ]
2 info using npm@2.5.1
3 info using node@v0.12.0
4 verbose publish [ '.' ]
5 silly cache add args [ '.', null ]
6 verbose cache add spec .
7 silly cache add parsed spec { raw: '.',
7 silly cache add   scope: null,
7 silly cache add   name: null,
7 silly cache add   rawSpec: '.',
7 silly cache add   spec: '/home/anheru/Code/laravel-elixir-browser-sync',
7 silly cache add   type: 'directory' }
8 verbose addLocalDirectory /home/anheru/.npm/laravel-elixir-browser-sync/0.0.1/package.tgz not in flight; packing
9 verbose tar pack [ '/home/anheru/.npm/laravel-elixir-browser-sync/0.0.1/package.tgz',
9 verbose tar pack   '/home/anheru/Code/laravel-elixir-browser-sync' ]
10 verbose tarball /home/anheru/.npm/laravel-elixir-browser-sync/0.0.1/package.tgz
11 verbose folder /home/anheru/Code/laravel-elixir-browser-sync
12 info prepublish laravel-elixir-browser-sync@0.0.1
13 verbose addLocalTarball adding from inside cache /home/anheru/.npm/laravel-elixir-browser-sync/0.0.1/package.tgz
14 silly cache afterAdd laravel-elixir-browser-sync@0.0.1
15 verbose afterAdd /home/anheru/.npm/laravel-elixir-browser-sync/0.0.1/package/package.json not in flight; writing
16 verbose afterAdd /home/anheru/.npm/laravel-elixir-browser-sync/0.0.1/package/package.json written
17 silly publish { name: 'laravel-elixir-browser-sync',
17 silly publish   version: '0.0.1',
17 silly publish   description: 'Laravel Elixir Browser Sync Extension',
17 silly publish   main: 'index.js',
17 silly publish   scripts: { test: 'echo "Error: no test specified" && exit 1' },
17 silly publish   repository:
17 silly publish    { type: 'git',
17 silly publish      url: 'https://github.com/anheru88/laravel-elixir-browser-sync.git' },
17 silly publish   keywords: [ 'laravel', 'elixir', 'gulp', 'Browser Sync' ],
17 silly publish   author: { name: 'Angel Jimenez' },
17 silly publish   license: 'MIT',
17 silly publish   bugs: { url: 'https://github.com/anheru88/laravel-elixir-browser-sync/issues' },
17 silly publish   homepage: 'https://github.com/anheru88/laravel-elixir-browser-sync',
17 silly publish   dependencies:
17 silly publish    { 'browser-sync': '^2.2.5',
17 silly publish      gulp: '^3.8.11',
17 silly publish      'gulp-notify': '^2.2.0',
17 silly publish      'laravel-elixir': '^0.13.1',
17 silly publish      underscore: '^1.8.2' },
17 silly publish   gitHead: 'faba07cd824fa4971bf9fbc73b8b90b5ed8be82f',
17 silly publish   readme: 'ERROR: No README data found!',
17 silly publish   _id: 'laravel-elixir-browser-sync@0.0.1',
17 silly publish   _shasum: 'ced313bbaa680148a9b02fe11c10829ce638ce70',
17 silly publish   _from: '.' }
18 silly mapToRegistry name laravel-elixir-browser-sync
19 silly mapToRegistry using default registry
20 silly mapToRegistry registry https://registry.npmjs.org/
21 silly mapToRegistry uri https://registry.npmjs.org/laravel-elixir-browser-sync
22 verbose publish registryBase https://registry.npmjs.org/
23 silly publish uploading /home/anheru/.npm/laravel-elixir-browser-sync/0.0.1/package.tgz
24 verbose request uri https://registry.npmjs.org/laravel-elixir-browser-sync
25 verbose request sending authorization for write operation
26 info attempt registry request try #1 at 01:33:54
27 verbose request id 7022a69da4b22547
28 http request PUT https://registry.npmjs.org/laravel-elixir-browser-sync
29 http 403 https://registry.npmjs.org/laravel-elixir-browser-sync
30 verbose headers { date: 'Tue, 17 Mar 2015 06:33:55 GMT',
30 verbose headers   server: 'CouchDB/1.5.0 (Erlang OTP/R16B03)',
30 verbose headers   'content-type': 'application/json',
30 verbose headers   'cache-control': 'max-age=60',
30 verbose headers   'content-length': '1875',
30 verbose headers   'accept-ranges': 'bytes',
30 verbose headers   via: '1.1 varnish',
30 verbose headers   'x-served-by': 'cache-iad2127-IAD',
30 verbose headers   'x-cache': 'MISS',
30 verbose headers   'x-cache-hits': '0',
30 verbose headers   'x-timer': 'S1426574035.280703,VS0,VE328',
30 verbose headers   'keep-alive': 'timeout=10, max=50',
30 verbose headers   connection: 'Keep-Alive' }
31 verbose request invalidating /home/anheru/.npm/registry.npmjs.org/laravel-elixir-browser-sync on PUT
32 error publish Failed PUT 403
33 verbose stack Error: forbidden user: anheru88 not authorized to modify laravel-elixir-browser-sync
33 verbose stack Changed: description "Laravel Elixir BrowserSync Extension" -> "Laravel Elixir Browser Sync Extension"
33 verbose stack Changed: dist-tags.latest "0.1.6" -> "0.0.1"
33 verbose stack Added: versions.0.0.1
33 verbose stack Changed: readme "# laravel-elixir-browser-sync\u000a\u000a## Install\u000a\u000a```sh\u000a$ composer global require \"laravel/homestead=~2.0\"\u000a$ homestead init\u000a$ homestead edit\u000a```\u000a\u000a```sh\u000a$ npm install laravel-elixir-browser-sync --save-dev\u000a```\u000a\u000a## Usage\u000a\u000a```javascript\u000avar elixir = require('laravel-elixir');\u000a\u000arequire('laravel-elixir-browser-sync');\u000a\u000aelixir(function(mix) {\u000a  mix.browserSync([\u000a    'app/**/*',\u000a    'public/**/*',\u000a    'resources/views/**/*'\u000a  ], {\u000a    proxy: 'homestead.app',\u000a    reloadDelay: 2000\u000a  });\u000a});\u000a```\u000a\u000a```sh\u000a$ homestead up\u000a$ gulp watch\u000a```\u000a" -> "ERROR: No README data found!"
33 verbose stack Changed: time.modified "2015-02-13T17:14:08.896Z" -> "2015-03-17T06:33:55.561Z"
33 verbose stack Added: time.0.0.1
33 verbose stack Changed: homepage "https://github.com/ponko2/laravel-elixir-browser-sync" -> "https://github.com/anheru88/laravel-elixir-browser-sync"
33 verbose stack Changed: keywords.2 "browser-sync" -> "gulp"
33 verbose stack Changed: keywords.3 "gulp" -> "Browser Sync"
33 verbose stack Changed: repository.url "https://github.com/ponko2/laravel-elixir-browser-sync.git" -> "https://github.com/anheru88/laravel-elixir-browser-sync.git"
33 verbose stack Changed: author.name "Takahito Nakano" -> "Angel Jimenez"
33 verbose stack Changed: bugs.url "https://github.com/ponko2/laravel-elixir-browser-sync/issues" -> "https://github.com/anheru88/laravel-elixir-browser-sync/issues"
33 verbose stack Changed: readmeFilename "README.md" -> ""
33 verbose stack Added: _attachments: laravel-elixir-browser-sync
33 verbose stack     at CachingRegistryClient.<anonymous> (/home/anheru/.nvm/versions/node/v0.12.0/lib/node_modules/npm/node_modules/npm-registry-client/lib/request.js:254:14)
33 verbose stack     at Request._callback (/home/anheru/.nvm/versions/node/v0.12.0/lib/node_modules/npm/node_modules/npm-registry-client/lib/request.js:178:14)
33 verbose stack     at Request.self.callback (/home/anheru/.nvm/versions/node/v0.12.0/lib/node_modules/npm/node_modules/request/request.js:344:22)
33 verbose stack     at Request.emit (events.js:110:17)
33 verbose stack     at Request.<anonymous> (/home/anheru/.nvm/versions/node/v0.12.0/lib/node_modules/npm/node_modules/request/request.js:1239:14)
33 verbose stack     at Request.emit (events.js:129:20)
33 verbose stack     at IncomingMessage.<anonymous> (/home/anheru/.nvm/versions/node/v0.12.0/lib/node_modules/npm/node_modules/request/request.js:1187:12)
33 verbose stack     at IncomingMessage.emit (events.js:129:20)
33 verbose stack     at _stream_readable.js:908:16
33 verbose stack     at process._tickCallback (node.js:355:11)
34 verbose statusCode 403
35 verbose pkgid laravel-elixir-browser-sync
36 verbose cwd /home/anheru/Code/laravel-elixir-browser-sync
37 error Linux 3.16.0-31-generic
38 error argv "/home/anheru/.nvm/versions/node/v0.12.0/bin/node" "/home/anheru/.nvm/versions/node/v0.12.0/bin/npm" "publish"
39 error node v0.12.0
40 error npm  v2.5.1
41 error code E403
42 error forbidden user: anheru88 not authorized to modify laravel-elixir-browser-sync
42 error Changed: description "Laravel Elixir BrowserSync Extension" -> "Laravel Elixir Browser Sync Extension"
42 error Changed: dist-tags.latest "0.1.6" -> "0.0.1"
42 error Added: versions.0.0.1
42 error Changed: readme "# laravel-elixir-browser-sync\u000a\u000a## Install\u000a\u000a```sh\u000a$ composer global require \"laravel/homestead=~2.0\"\u000a$ homestead init\u000a$ homestead edit\u000a```\u000a\u000a```sh\u000a$ npm install laravel-elixir-browser-sync --save-dev\u000a```\u000a\u000a## Usage\u000a\u000a```javascript\u000avar elixir = require('laravel-elixir');\u000a\u000arequire('laravel-elixir-browser-sync');\u000a\u000aelixir(function(mix) {\u000a  mix.browserSync([\u000a    'app/**/*',\u000a    'public/**/*',\u000a    'resources/views/**/*'\u000a  ], {\u000a    proxy: 'homestead.app',\u000a    reloadDelay: 2000\u000a  });\u000a});\u000a```\u000a\u000a```sh\u000a$ homestead up\u000a$ gulp watch\u000a```\u000a" -> "ERROR: No README data found!"
42 error Changed: time.modified "2015-02-13T17:14:08.896Z" -> "2015-03-17T06:33:55.561Z"
42 error Added: time.0.0.1
42 error Changed: homepage "https://github.com/ponko2/laravel-elixir-browser-sync" -> "https://github.com/anheru88/laravel-elixir-browser-sync"
42 error Changed: keywords.2 "browser-sync" -> "gulp"
42 error Changed: keywords.3 "gulp" -> "Browser Sync"
42 error Changed: repository.url "https://github.com/ponko2/laravel-elixir-browser-sync.git" -> "https://github.com/anheru88/laravel-elixir-browser-sync.git"
42 error Changed: author.name "Takahito Nakano" -> "Angel Jimenez"
42 error Changed: bugs.url "https://github.com/ponko2/laravel-elixir-browser-sync/issues" -> "https://github.com/anheru88/laravel-elixir-browser-sync/issues"
42 error Changed: readmeFilename "README.md" -> ""
42 error Added: _attachments: laravel-elixir-browser-sync
43 error If you need help, you may report this error at:
43 error     <http://github.com/npm/npm/issues>
44 verbose exit [ 1, true ]
